sched=<./scheduler> outdir=<./outdir/>
./scheduler -sF input0 ./rfile
./scheduler -sL input0 ./rfile
./scheduler -sS input0 ./rfile
./scheduler -sR2 input0 ./rfile
./scheduler -sR5 input0 ./rfile
./scheduler -sP2 input0 ./rfile
./scheduler -sP5:3 input0 ./rfile
./scheduler -sE2:5 input0 ./rfile
./runit.sh: line 101: 16668 Segmentation fault      (core dumped) $@ > ${OUTFILE}
./scheduler -sE4 input0 ./rfile
./runit.sh: line 101: 16670 Segmentation fault      (core dumped) $@ > ${OUTFILE}
./scheduler -sF input1 ./rfile
./scheduler -sL input1 ./rfile
./scheduler -sS input1 ./rfile
./scheduler -sR2 input1 ./rfile
./scheduler -sR5 input1 ./rfile
./scheduler -sP2 input1 ./rfile
./scheduler -sP5:3 input1 ./rfile
./scheduler -sE2:5 input1 ./rfile
./runit.sh: line 101: 16679 Segmentation fault      (core dumped) $@ > ${OUTFILE}
./scheduler -sE4 input1 ./rfile
./runit.sh: line 101: 16681 Segmentation fault      (core dumped) $@ > ${OUTFILE}
./scheduler -sF input2 ./rfile
./scheduler -sL input2 ./rfile
./scheduler -sS input2 ./rfile
./scheduler -sR2 input2 ./rfile
./scheduler -sR5 input2 ./rfile
./scheduler -sP2 input2 ./rfile
./scheduler -sP5:3 input2 ./rfile
./scheduler -sE2:5 input2 ./rfile
./runit.sh: line 101: 16690 Segmentation fault      (core dumped) $@ > ${OUTFILE}
./scheduler -sE4 input2 ./rfile
./runit.sh: line 101: 16692 Segmentation fault      (core dumped) $@ > ${OUTFILE}
./scheduler -sF input3 ./rfile
./scheduler -sL input3 ./rfile
./scheduler -sS input3 ./rfile
./scheduler -sR2 input3 ./rfile
./scheduler -sR5 input3 ./rfile
./scheduler -sP2 input3 ./rfile
./scheduler -sP5:3 input3 ./rfile
./scheduler -sE2:5 input3 ./rfile
./runit.sh: line 101: 16701 Segmentation fault      (core dumped) $@ > ${OUTFILE}
./scheduler -sE4 input3 ./rfile
./runit.sh: line 101: 16703 Segmentation fault      (core dumped) $@ > ${OUTFILE}
./scheduler -sF input4 ./rfile
./scheduler -sL input4 ./rfile
./scheduler -sS input4 ./rfile
./scheduler -sR2 input4 ./rfile
./scheduler -sR5 input4 ./rfile
./scheduler -sP2 input4 ./rfile
./scheduler -sP5:3 input4 ./rfile
./scheduler -sE2:5 input4 ./rfile
./runit.sh: line 101: 16712 Segmentation fault      (core dumped) $@ > ${OUTFILE}
./scheduler -sE4 input4 ./rfile
./runit.sh: line 101: 16714 Segmentation fault      (core dumped) $@ > ${OUTFILE}
./scheduler -sF input5 ./rfile
./scheduler -sL input5 ./rfile
./scheduler -sS input5 ./rfile
./scheduler -sR2 input5 ./rfile
./scheduler -sR5 input5 ./rfile
./scheduler -sP2 input5 ./rfile
./scheduler -sP5:3 input5 ./rfile
./scheduler -sE2:5 input5 ./rfile
./runit.sh: line 101: 16723 Segmentation fault      (core dumped) $@ > ${OUTFILE}
./scheduler -sE4 input5 ./rfile
./runit.sh: line 101: 16725 Segmentation fault      (core dumped) $@ > ${OUTFILE}
./scheduler -sF input6 ./rfile
./scheduler -sL input6 ./rfile
./scheduler -sS input6 ./rfile
./scheduler -sR2 input6 ./rfile
./scheduler -sR5 input6 ./rfile
./scheduler -sP2 input6 ./rfile
./scheduler -sP5:3 input6 ./rfile
./scheduler -sE2:5 input6 ./rfile
./runit.sh: line 101: 16734 Segmentation fault      (core dumped) $@ > ${OUTFILE}
./scheduler -sE4 input6 ./rfile
./runit.sh: line 101: 16736 Segmentation fault      (core dumped) $@ > ${OUTFILE}
./scheduler -sF input7 ./rfile
./scheduler -sL input7 ./rfile
./scheduler -sS input7 ./rfile
./scheduler -sR2 input7 ./rfile
./scheduler -sR5 input7 ./rfile
./scheduler -sP2 input7 ./rfile
./scheduler -sP5:3 input7 ./rfile
./scheduler -sE2:5 input7 ./rfile
./runit.sh: line 101: 16745 Segmentation fault      (core dumped) $@ > ${OUTFILE}
./scheduler -sE4 input7 ./rfile
./runit.sh: line 101: 16747 Segmentation fault      (core dumped) $@ > ${OUTFILE}
