./mmu -f16 -af -oOPFS ./in1 ./rfile
in1_16_f: TOTALCOST 31 1 0 28260 4
./mmu -f31 -af -oOPFS ./in1 ./rfile
in1_31_f: TOTALCOST 31 1 0 13160 4
./mmu -f16 -ar -oOPFS ./in1 ./rfile
in1_16_r: TOTALCOST 31 1 0 28260 4
./mmu -f31 -ar -oOPFS ./in1 ./rfile
in1_31_r: TOTALCOST 31 1 0 13160 4
./mmu -f16 -ac -oOPFS ./in1 ./rfile
in1_16_c: TOTALCOST 31 1 0 28260 4
./mmu -f31 -ac -oOPFS ./in1 ./rfile
in1_31_c: TOTALCOST 31 1 0 13160 4
./mmu -f16 -ae -oOPFS ./in1 ./rfile
in1_16_e: TOTALCOST 31 1 0 17260 4
./mmu -f31 -ae -oOPFS ./in1 ./rfile
in1_31_e: TOTALCOST 31 1 0 13160 4
./mmu -f16 -aa -oOPFS ./in1 ./rfile
in1_16_a: TOTALCOST 31 1 0 28260 4
./mmu -f31 -aa -oOPFS ./in1 ./rfile
in1_31_a: TOTALCOST 31 1 0 13160 4
./mmu -f16 -aw -oOPFS ./in1 ./rfile
in1_16_w: TOTALCOST 31 1 0 28260 4
./mmu -f31 -aw -oOPFS ./in1 ./rfile
in1_31_w: TOTALCOST 31 1 0 13160 4
./mmu -f16 -af -oOPFS ./in2 ./rfile
in2_16_f: TOTALCOST 31 1 0 34690 4
./mmu -f31 -af -oOPFS ./in2 ./rfile
in2_31_f: TOTALCOST 31 1 0 12160 4
./mmu -f16 -ar -oOPFS ./in2 ./rfile
in2_16_r: TOTALCOST 31 1 0 45360 4
./mmu -f31 -ar -oOPFS ./in2 ./rfile
in2_31_r: TOTALCOST 31 1 0 12160 4
./mmu -f16 -ac -oOPFS ./in2 ./rfile
in2_16_c: TOTALCOST 31 1 0 34690 4
./mmu -f31 -ac -oOPFS ./in2 ./rfile
in2_31_c: TOTALCOST 31 1 0 12160 4
./mmu -f16 -ae -oOPFS ./in2 ./rfile
in2_16_e: TOTALCOST 31 1 0 18190 4
./mmu -f31 -ae -oOPFS ./in2 ./rfile
in2_31_e: TOTALCOST 31 1 0 12160 4
./mmu -f16 -aa -oOPFS ./in2 ./rfile
in2_16_a: TOTALCOST 31 1 0 34690 4
./mmu -f31 -aa -oOPFS ./in2 ./rfile
in2_31_a: TOTALCOST 31 1 0 12160 4
./mmu -f16 -aw -oOPFS ./in2 ./rfile
in2_16_w: TOTALCOST 31 1 0 34690 4
./mmu -f31 -aw -oOPFS ./in2 ./rfile
in2_31_w: TOTALCOST 31 1 0 12160 4
./mmu -f16 -af -oOPFS ./in3 ./rfile
in3_16_f: TOTALCOST 101 1 0 140060 4
./mmu -f31 -af -oOPFS ./in3 ./rfile
in3_31_f: TOTALCOST 101 1 0 89420 4
./mmu -f16 -ar -oOPFS ./in3 ./rfile
in3_16_r: TOTALCOST 101 1 0 144630 4
./mmu -f31 -ar -oOPFS ./in3 ./rfile
in3_31_r: TOTALCOST 101 1 0 87580 4
./mmu -f16 -ac -oOPFS ./in3 ./rfile
in3_16_c: TOTALCOST 101 1 0 140060 4
./mmu -f31 -ac -oOPFS ./in3 ./rfile
in3_31_c: TOTALCOST 101 1 0 89420 4
./mmu -f16 -ae -oOPFS ./in3 ./rfile
in3_16_e: TOTALCOST 101 1 0 90320 4
./mmu -f31 -ae -oOPFS ./in3 ./rfile
in3_31_e: TOTALCOST 101 1 0 48530 4
./mmu -f16 -aa -oOPFS ./in3 ./rfile
in3_16_a: TOTALCOST 101 1 0 140060 4
./mmu -f31 -aa -oOPFS ./in3 ./rfile
in3_31_a: TOTALCOST 101 1 0 86670 4
./mmu -f16 -aw -oOPFS ./in3 ./rfile
in3_16_w: TOTALCOST 101 1 0 140060 4
./mmu -f31 -aw -oOPFS ./in3 ./rfile
in3_31_w: TOTALCOST 101 1 0 83920 4
./mmu -f16 -af -oOPFS ./in4 ./rfile
in4_16_f: TOTALCOST 101 1 0 155770 4
./mmu -f31 -af -oOPFS ./in4 ./rfile
in4_31_f: TOTALCOST 101 1 0 107250 4
./mmu -f16 -ar -oOPFS ./in4 ./rfile
in4_16_r: TOTALCOST 101 1 0 144470 4
./mmu -f31 -ar -oOPFS ./in4 ./rfile
in4_31_r: TOTALCOST 101 1 0 98400 4
./mmu -f16 -ac -oOPFS ./in4 ./rfile
in4_16_c: TOTALCOST 101 1 0 149060 4
./mmu -f31 -ac -oOPFS ./in4 ./rfile
in4_31_c: TOTALCOST 101 1 0 86210 4
./mmu -f16 -ae -oOPFS ./in4 ./rfile
in4_16_e: TOTALCOST 101 1 0 109360 4
./mmu -f31 -ae -oOPFS ./in4 ./rfile
in4_31_e: TOTALCOST 101 1 0 60560 4
./mmu -f16 -aa -oOPFS ./in4 ./rfile
in4_16_a: TOTALCOST 101 1 0 145400 4
./mmu -f31 -aa -oOPFS ./in4 ./rfile
in4_31_a: TOTALCOST 101 1 0 87120 4
./mmu -f16 -aw -oOPFS ./in4 ./rfile
in4_16_w: TOTALCOST 101 1 0 145400 4
./mmu -f31 -aw -oOPFS ./in4 ./rfile
in4_31_w: TOTALCOST 101 1 0 87120 4
./mmu -f16 -af -oOPFS ./in5 ./rfile
in5_16_f: TOTALCOST 101 1 0 212500 4
./mmu -f31 -af -oOPFS ./in5 ./rfile
in5_31_f: TOTALCOST 101 1 0 145910 4
./mmu -f16 -ar -oOPFS ./in5 ./rfile
in5_16_r: TOTALCOST 101 1 0 211130 4
./mmu -f31 -ar -oOPFS ./in5 ./rfile
in5_31_r: TOTALCOST 101 1 0 131090 4
./mmu -f16 -ac -oOPFS ./in5 ./rfile
in5_16_c: TOTALCOST 101 1 0 209390 4
./mmu -f31 -ac -oOPFS ./in5 ./rfile
in5_31_c: TOTALCOST 101 1 0 152130 4
./mmu -f16 -ae -oOPFS ./in5 ./rfile
in5_16_e: TOTALCOST 101 1 0 191890 4
./mmu -f31 -ae -oOPFS ./in5 ./rfile
in5_31_e: TOTALCOST 101 1 0 127890 4
./mmu -f16 -aa -oOPFS ./in5 ./rfile
in5_16_a: TOTALCOST 101 1 0 211590 4
./mmu -f31 -aa -oOPFS ./in5 ./rfile
in5_31_a: TOTALCOST 101 1 0 146580 4
./mmu -f16 -aw -oOPFS ./in5 ./rfile
in5_16_w: TOTALCOST 101 1 0 211590 4
./mmu -f31 -aw -oOPFS ./in5 ./rfile
in5_31_w: TOTALCOST 101 1 0 146580 4
./mmu -f16 -af -oOPFS ./in6 ./rfile
in6_16_f: TOTALCOST 101 1 0 156330 4
./mmu -f31 -af -oOPFS ./in6 ./rfile
in6_31_f: TOTALCOST 101 1 0 106010 4
./mmu -f16 -ar -oOPFS ./in6 ./rfile
in6_16_r: TOTALCOST 101 1 0 157540 4
./mmu -f31 -ar -oOPFS ./in6 ./rfile
in6_31_r: TOTALCOST 101 1 0 74580 4
./mmu -f16 -ac -oOPFS ./in6 ./rfile
in6_16_c: TOTALCOST 101 1 0 152370 4
./mmu -f31 -ac -oOPFS ./in6 ./rfile
in6_31_c: TOTALCOST 101 1 0 103260 4
./mmu -f16 -ae -oOPFS ./in6 ./rfile
in6_16_e: TOTALCOST 101 1 0 130030 4
./mmu -f31 -ae -oOPFS ./in6 ./rfile
in6_31_e: TOTALCOST 101 1 0 71530 4
./mmu -f16 -aa -oOPFS ./in6 ./rfile
in6_16_a: TOTALCOST 101 1 0 155120 4
./mmu -f31 -aa -oOPFS ./in6 ./rfile
in6_31_a: TOTALCOST 101 1 0 106010 4
./mmu -f16 -aw -oOPFS ./in6 ./rfile
in6_16_w: TOTALCOST 101 1 0 155120 4
./mmu -f31 -aw -oOPFS ./in6 ./rfile
in6_31_w: TOTALCOST 101 1 0 106010 4
./mmu -f16 -af -oOPFS ./in7 ./rfile
in7_16_f: TOTALCOST 213 13 0 326270 4
./mmu -f31 -af -oOPFS ./in7 ./rfile
in7_31_f: TOTALCOST 213 13 0 252210 4
./mmu -f16 -ar -oOPFS ./in7 ./rfile
in7_16_r: TOTALCOST 213 13 0 320160 4
./mmu -f31 -ar -oOPFS ./in7 ./rfile
in7_31_r: TOTALCOST 213 13 0 198240 4
./mmu -f16 -ac -oOPFS ./in7 ./rfile
in7_16_c: TOTALCOST 213 13 0 327180 4
./mmu -f31 -ac -oOPFS ./in7 ./rfile
in7_31_c: TOTALCOST 213 13 0 219870 4
./mmu -f16 -ae -oOPFS ./in7 ./rfile
in7_16_e: TOTALCOST 213 13 0 290910 4
./mmu -f31 -ae -oOPFS ./in7 ./rfile
in7_31_e: TOTALCOST 213 13 0 176840 4
./mmu -f16 -aa -oOPFS ./in7 ./rfile
in7_16_a: TOTALCOST 213 13 0 323220 4
./mmu -f31 -aa -oOPFS ./in7 ./rfile
in7_31_a: TOTALCOST 213 13 0 200650 4
./mmu -f16 -aw -oOPFS ./in7 ./rfile
in7_16_w: TOTALCOST 213 13 0 323220 4
./mmu -f31 -aw -oOPFS ./in7 ./rfile
in7_31_w: TOTALCOST 213 13 0 200650 4
./mmu -f16 -af -oOPFS ./in8 ./rfile
in8_16_f: TOTALCOST 210 10 0 378440 4
./mmu -f31 -af -oOPFS ./in8 ./rfile
in8_31_f: TOTALCOST 210 10 0 304250 4
./mmu -f16 -ar -oOPFS ./in8 ./rfile
in8_16_r: TOTALCOST 210 10 0 394290 4
./mmu -f31 -ar -oOPFS ./in8 ./rfile
in8_31_r: TOTALCOST 210 10 0 291690 4
./mmu -f16 -ac -oOPFS ./in8 ./rfile
in8_16_c: TOTALCOST 210 10 0 378440 4
./mmu -f31 -ac -oOPFS ./in8 ./rfile
in8_31_c: TOTALCOST 210 10 0 291740 4
./mmu -f16 -ae -oOPFS ./in8 ./rfile
in8_16_e: TOTALCOST 210 10 0 375350 4
./mmu -f31 -ae -oOPFS ./in8 ./rfile
in8_31_e: TOTALCOST 210 10 0 256250 4
./mmu -f16 -aa -oOPFS ./in8 ./rfile
in8_16_a: TOTALCOST 210 10 0 379350 4
./mmu -f31 -aa -oOPFS ./in8 ./rfile
in8_31_a: TOTALCOST 210 10 0 297820 4
./mmu -f16 -aw -oOPFS ./in8 ./rfile
in8_16_w: TOTALCOST 210 10 0 379350 4
./mmu -f31 -aw -oOPFS ./in8 ./rfile
in8_31_w: TOTALCOST 210 10 0 297820 4
./mmu -f16 -af -oOPFS ./in9 ./rfile
in9_16_f: TOTALCOST 1051 51 0 2767020 4
./mmu -f31 -af -oOPFS ./in9 ./rfile
in9_31_f: TOTALCOST 1051 51 0 2708790 4
./mmu -f16 -ar -oOPFS ./in9 ./rfile
in9_16_r: TOTALCOST 1051 51 0 2861380 4
./mmu -f31 -ar -oOPFS ./in9 ./rfile
in9_31_r: TOTALCOST 1051 51 0 2607600 4
./mmu -f16 -ac -oOPFS ./in9 ./rfile
in9_16_c: TOTALCOST 1051 51 0 2770980 4
./mmu -f31 -ac -oOPFS ./in9 ./rfile
in9_31_c: TOTALCOST 1051 51 0 2709700 4
./mmu -f16 -ae -oOPFS ./in9 ./rfile
in9_16_e: TOTALCOST 1051 51 0 2811450 4
./mmu -f31 -ae -oOPFS ./in9 ./rfile
in9_31_e: TOTALCOST 1051 51 0 2531550 4
./mmu -f16 -aa -oOPFS ./in9 ./rfile
in9_16_a: TOTALCOST 1051 51 0 2771890 4
./mmu -f31 -aa -oOPFS ./in9 ./rfile
in9_31_a: TOTALCOST 1051 51 0 2711160 4
./mmu -f16 -aw -oOPFS ./in9 ./rfile
in9_16_w: TOTALCOST 1051 51 0 2771890 4
./mmu -f31 -aw -oOPFS ./in9 ./rfile
in9_31_w: TOTALCOST 1051 51 0 2711160 4
./mmu -f16 -af -oOPFS ./in10 ./rfile
in10_16_f: TOTALCOST 5243 243 0 13555350 4
./mmu -f31 -af -oOPFS ./in10 ./rfile
in10_31_f: TOTALCOST 5243 243 0 13463720 4
./mmu -f16 -ar -oOPFS ./in10 ./rfile
in10_16_r: TOTALCOST 5243 243 0 14149970 4
./mmu -f31 -ar -oOPFS ./in10 ./rfile
in10_31_r: TOTALCOST 5243 243 0 13355320 4
./mmu -f16 -ac -oOPFS ./in10 ./rfile
in10_16_c: TOTALCOST 5243 243 0 13551570 4
./mmu -f31 -ac -oOPFS ./in10 ./rfile
in10_31_c: TOTALCOST 5243 243 0 13463720 4
./mmu -f16 -ae -oOPFS ./in10 ./rfile
in10_16_e: TOTALCOST 5243 243 0 13781640 4
./mmu -f31 -ae -oOPFS ./in10 ./rfile
in10_31_e: TOTALCOST 5243 243 0 13428910 4
./mmu -f16 -aa -oOPFS ./in10 ./rfile
in10_16_a: TOTALCOST 5243 243 0 13548820 4
./mmu -f31 -aa -oOPFS ./in10 ./rfile
in10_31_a: TOTALCOST 5243 243 0 13466470 4
./mmu -f16 -aw -oOPFS ./in10 ./rfile
in10_16_w: TOTALCOST 5243 243 0 13548820 4
./mmu -f31 -aw -oOPFS ./in10 ./rfile
in10_31_w: TOTALCOST 5243 243 0 13463720 4
./mmu -f16 -af -oOPFS ./in11 ./rfile
in11_16_f: TOTALCOST 5245 243 2 13678120 4
./mmu -f31 -af -oOPFS ./in11 ./rfile
in11_31_f: TOTALCOST 5245 243 2 12944220 4
./mmu -f16 -ar -oOPFS ./in11 ./rfile
in11_16_r: TOTALCOST 5245 243 2 13935050 4
./mmu -f31 -ar -oOPFS ./in11 ./rfile
in11_31_r: TOTALCOST 5245 243 2 12590840 4
./mmu -f16 -ac -oOPFS ./in11 ./rfile
in11_16_c: TOTALCOST 5245 243 2 13668700 4
./mmu -f31 -ac -oOPFS ./in11 ./rfile
in11_31_c: TOTALCOST 5245 243 2 12958170 4
./mmu -f16 -ae -oOPFS ./in11 ./rfile
in11_16_e: TOTALCOST 5245 243 2 13688730 4
./mmu -f31 -ae -oOPFS ./in11 ./rfile
in11_31_e: TOTALCOST 5245 243 2 12796920 4
./mmu -f16 -aa -oOPFS ./in11 ./rfile
in11_16_a: TOTALCOST 5245 243 2 13674920 4
./mmu -f31 -aa -oOPFS ./in11 ./rfile
in11_31_a: TOTALCOST 5245 243 2 12965950 4
./mmu -f16 -aw -oOPFS ./in11 ./rfile
in11_16_w: TOTALCOST 5245 243 2 13674920 4
./mmu -f31 -aw -oOPFS ./in11 ./rfile
in11_31_w: TOTALCOST 5245 243 2 12972660 4
